c:\badproject\badgame\x64\debug\vc143.pdb
c:\badproject\badgame\x64\debug\vc143.idb
c:\badproject\badgame\x64\debug\wall.obj
c:\badproject\badgame\x64\debug\variables.obj
c:\badproject\badgame\x64\debug\text.obj
c:\badproject\badgame\x64\debug\player.obj
c:\badproject\badgame\x64\debug\source.obj
c:\badproject\badgame\x64\debug\menu.obj
c:\badproject\badgame\x64\debug\keyboard.obj
c:\badproject\badgame\x64\debug\item.obj
c:\badproject\badgame\x64\debug\gameupdate.obj
c:\badproject\badgame\x64\debug\entity.obj
c:\badproject\badgame\x64\debug\enemy.obj
c:\badproject\badgame\x64\debug\console.obj
c:\badproject\badgame\x64\debug\collision.obj
c:\badproject\badgame\x64\debug\bullet.obj
c:\badproject\badgame\x64\debug\box.obj
c:\badproject\badgame\x64\debug\authorization.obj
c:\badproject\badgame\x64\debug\button.obj
c:\badproject\badgame\x64\debug\resolution.obj
c:\badproject\x64\debug\badgame.exe
c:\badproject\badgame\x64\debug\badgame.ilk
c:\badproject\x64\debug\badgame.pdb
c:\badproject\badgame\x64\debug\badgame.tlog\cl.command.1.tlog
c:\badproject\badgame\x64\debug\badgame.tlog\cl.read.1.tlog
c:\badproject\badgame\x64\debug\badgame.tlog\cl.write.1.tlog
c:\badproject\badgame\x64\debug\badgame.tlog\link.command.1.tlog
c:\badproject\badgame\x64\debug\badgame.tlog\link.read.1.tlog
c:\badproject\badgame\x64\debug\badgame.tlog\link.write.1.tlog
