c:\badproject\badgame\x64\release\vc143.pdb
c:\badproject\badgame\x64\release\wall.obj
c:\badproject\badgame\x64\release\variables.obj
c:\badproject\badgame\x64\release\text.obj
c:\badproject\badgame\x64\release\player.obj
c:\badproject\badgame\x64\release\source.obj
c:\badproject\badgame\x64\release\resolution.obj
c:\badproject\badgame\x64\release\network.obj
c:\badproject\badgame\x64\release\menu.obj
c:\badproject\badgame\x64\release\label.obj
c:\badproject\badgame\x64\release\keyboard.obj
c:\badproject\badgame\x64\release\item.obj
c:\badproject\badgame\x64\release\gameupdate.obj
c:\badproject\badgame\x64\release\entity.obj
c:\badproject\badgame\x64\release\enemy.obj
c:\badproject\badgame\x64\release\console.obj
c:\badproject\badgame\x64\release\collision.obj
c:\badproject\badgame\x64\release\button.obj
c:\badproject\badgame\x64\release\bullet.obj
c:\badproject\badgame\x64\release\box.obj
c:\badproject\badgame\x64\release\authorization.obj
c:\badproject\badgame\x64\release\badgame.tlog\cl.command.1.tlog
c:\badproject\badgame\x64\release\badgame.tlog\cl.read.1.tlog
c:\badproject\badgame\x64\release\badgame.tlog\cl.write.1.tlog
c:\badproject\badgame\x64\release\badgame.tlog\link.command.1.tlog
c:\badproject\badgame\x64\release\badgame.tlog\link.read.1.tlog
c:\badproject\badgame\x64\release\badgame.tlog\link.write.1.tlog
