  Authorization.cpp
  Box.cpp
  Bullet.cpp
  Button.cpp
  Collision.cpp
  Console.cpp
  Enemy.cpp
C:\BadProject\BadGame\Enemy.cpp(12,22): warning C4244: =: преобразование "int" в "T", возможна потеря данных
          with
          [
              T=float
          ]
C:\BadProject\BadGame\Enemy.cpp(13,22): warning C4244: =: преобразование "int" в "T", возможна потеря данных
          with
          [
              T=float
          ]
C:\BadProject\BadGame\Enemy.cpp(16,37): warning C4244: аргумент: преобразование "int" в "T", возможна потеря данных
          with
          [
              T=float
          ]
C:\BadProject\BadGame\Enemy.cpp(16,34): warning C4244: аргумент: преобразование "int" в "T", возможна потеря данных
          with
          [
              T=float
          ]
C:\BadProject\BadGame\Enemy.cpp(30,24): warning C4244: =: преобразование "int" в "T", возможна потеря данных
          with
          [
              T=float
          ]
C:\BadProject\BadGame\Enemy.cpp(31,24): warning C4244: =: преобразование "int" в "T", возможна потеря данных
          with
          [
              T=float
          ]
C:\BadProject\BadGame\Enemy.cpp(47,17): warning C4244: инициализация: преобразование "double" в "float", возможна потеря данных
  Entity.cpp
C:\BadProject\BadGame\Entity.cpp(24,37): warning C4244: аргумент: преобразование "int" в "T", возможна потеря данных
          with
          [
              T=float
          ]
C:\BadProject\BadGame\Entity.cpp(24,34): warning C4244: аргумент: преобразование "int" в "T", возможна потеря данных
          with
          [
              T=float
          ]
C:\BadProject\BadGame\Entity.cpp(81,34): warning C4244: аргумент: преобразование "int" в "T", возможна потеря данных
          with
          [
              T=float
          ]
C:\BadProject\BadGame\Entity.cpp(84,34): warning C4244: аргумент: преобразование "int" в "T", возможна потеря данных
          with
          [
              T=float
          ]
  GameUpdate.cpp
C:\BadProject\BadGame\GameUpdate.cpp(29,89): warning C4244: аргумент: преобразование "int" в "T", возможна потеря данных
          with
          [
              T=float
          ]
C:\BadProject\BadGame\GameUpdate.cpp(29,68): warning C4244: аргумент: преобразование "int" в "T", возможна потеря данных
          with
          [
              T=float
          ]
C:\BadProject\BadGame\GameUpdate.cpp(35,90): warning C4244: аргумент: преобразование "int" в "T", возможна потеря данных
          with
          [
              T=float
          ]
C:\BadProject\BadGame\GameUpdate.cpp(35,69): warning C4244: аргумент: преобразование "int" в "T", возможна потеря данных
          with
          [
              T=float
          ]
  Item.cpp
  Keyboard.cpp
  Label.cpp
  Menu.cpp
  Network.cpp
  Resolution.cpp
  Source.cpp
C:\BadProject\BadGame\Source.cpp(11,52): warning C4244: =: преобразование "sf::Int64" в "float", возможна потеря данных
C:\BadProject\BadGame\Source.cpp(83,65): warning C4244: аргумент: преобразование "T" в "float", возможна потеря данных
          with
          [
              T=unsigned int
          ]
C:\BadProject\BadGame\Source.cpp(83,41): warning C4244: аргумент: преобразование "T" в "float", возможна потеря данных
          with
          [
              T=unsigned int
          ]
  Player.cpp
C:\BadProject\BadGame\Player.cpp(20,37): warning C4244: аргумент: преобразование "int" в "T", возможна потеря данных
          with
          [
              T=float
          ]
C:\BadProject\BadGame\Player.cpp(20,34): warning C4244: аргумент: преобразование "int" в "T", возможна потеря данных
          with
          [
              T=float
          ]
C:\BadProject\BadGame\Player.cpp(77,17): warning C4244: инициализация: преобразование "double" в "float", возможна потеря данных
C:\BadProject\BadGame\Player.cpp(101,51): warning C4244: аргумент: преобразование "int" в "T", возможна потеря данных
          with
          [
              T=float
          ]
  Text.cpp
  Variables.cpp
C:\BadProject\BadGame\Variables.cpp(86,12): warning C4244: аргумент: преобразование "time_t" в "unsigned int", возможна потеря данных
  Wall.cpp
  Создание кода
  Previous IPDB not found, fall back to full compilation.
  All 726 functions were compiled because no usable IPDB/IOBJ from previous compilation was found.
  Создание кода завершено
  BadGame.vcxproj -> C:\BadProject\x64\Release\BadGame.exe
